[debug] [2021-12-09T03:44:43.161Z] ----------------------------------------------------------------------
[debug] [2021-12-09T03:44:43.164Z] Command:       C:\Program Files\nodejs\node.exe C:\Users\Lidiya\AppData\Roaming\npm\node_modules\firebase-tools\lib\bin\firebase.js emulators:start
[debug] [2021-12-09T03:44:43.164Z] CLI Version:   9.23.0
[debug] [2021-12-09T03:44:43.164Z] Platform:      win32
[debug] [2021-12-09T03:44:43.164Z] Node Version:  v14.17.6
[debug] [2021-12-09T03:44:43.166Z] Time:          Thu Dec 09 2021 06:44:43 GMT+0300 (East Africa Time)
[debug] [2021-12-09T03:44:43.166Z] ----------------------------------------------------------------------
[debug] 
[debug] [2021-12-09T03:44:43.242Z] > command requires scopes: ["email","openid","https://www.googleapis.com/auth/cloudplatformprojects.readonly","https://www.googleapis.com/auth/firebase","https://www.googleapis.com/auth/cloud-platform"]
[debug] [2021-12-09T03:44:43.243Z] > authorizing via signed-in user (fortunaes98@gmail.com)
[info] i  emulators: Starting emulators: functions, hosting {"metadata":{"emulator":{"name":"hub"},"message":"Starting emulators: functions, hosting"}}
[debug] [2021-12-09T03:44:43.293Z] [hub] writing locator at C:\Users\Lidiya\AppData\Local\Temp\hub-clone-5a4de.json
[warn] !  functions: The following emulators are not running, calls to these services from the Functions emulator will affect production: auth, firestore, database, pubsub, storage {"metadata":{"emulator":{"name":"functions"},"message":"The following emulators are not running, calls to these services from the Functions emulator will affect production: \u001b[1mauth, firestore, database, pubsub, storage\u001b[22m"}}
[info] +  functions: Using node@14 from host. {"metadata":{"emulator":{"name":"functions"},"message":"Using node@14 from host."}}
[debug] [2021-12-09T03:44:44.075Z] defaultcredentials: writing to file C:\Users\Lidiya\AppData\Roaming\firebase\fortunaes98_gmail_com_application_default_credentials.json
[debug] [2021-12-09T03:44:44.121Z] Setting GAC to C:\Users\Lidiya\AppData\Roaming\firebase\fortunaes98_gmail_com_application_default_credentials.json {"metadata":{"emulator":{"name":"functions"},"message":"Setting GAC to C:\\Users\\Lidiya\\AppData\\Roaming\\firebase\\fortunaes98_gmail_com_application_default_credentials.json"}}
[debug] [2021-12-09T03:44:44.136Z] > refreshing access token with scopes: []
[debug] [2021-12-09T03:44:44.137Z] >>> HTTP REQUEST POST https://www.googleapis.com/oauth2/v3/token  
 <request body omitted>
[debug] [2021-12-09T03:44:46.723Z] <<< HTTP RESPONSE 200 {"cache-control":"no-cache, no-store, max-age=0, must-revalidate","expires":"Mon, 01 Jan 1990 00:00:00 GMT","date":"Thu, 09 Dec 2021 03:44:48 GMT","pragma":"no-cache","content-type":"application/json; charset=utf-8","vary":"X-Origin, Referer, Origin,Accept-Encoding","server":"scaffolding on HTTPServer2","x-xss-protection":"0","x-frame-options":"SAMEORIGIN","x-content-type-options":"nosniff","alt-svc":"h3=\":443\"; ma=2592000,h3-29=\":443\"; ma=2592000,h3-Q050=\":443\"; ma=2592000,h3-Q046=\":443\"; ma=2592000,h3-Q043=\":443\"; ma=2592000,quic=\":443\"; ma=2592000; v=\"46,43\"","accept-ranges":"none","transfer-encoding":"chunked"}
[debug] [2021-12-09T03:44:46.890Z] >>> [apiv2][query] GET https://firebase.googleapis.com/v1beta1/projects/clone-5a4de/adminSdkConfig [none]
[debug] [2021-12-09T03:44:49.819Z] <<< [apiv2][status] GET https://firebase.googleapis.com/v1beta1/projects/clone-5a4de/adminSdkConfig 200
[debug] [2021-12-09T03:44:49.820Z] <<< [apiv2][body] GET https://firebase.googleapis.com/v1beta1/projects/clone-5a4de/adminSdkConfig {"projectId":"clone-5a4de","storageBucket":"clone-5a4de.appspot.com","locationId":"us-central"}
[debug] [2021-12-09T03:44:49.922Z] >>> [apiv2][query] GET https://firebasehosting.googleapis.com/v1beta1/projects/clone-5a4de/sites 
[debug] [2021-12-09T03:44:53.436Z] <<< [apiv2][status] GET https://firebasehosting.googleapis.com/v1beta1/projects/clone-5a4de/sites 200
[debug] [2021-12-09T03:44:53.437Z] <<< [apiv2][body] GET https://firebasehosting.googleapis.com/v1beta1/projects/clone-5a4de/sites {"sites":[{"name":"projects/375344884329/sites/clone-5a4de","defaultUrl":"https://clone-5a4de.web.app","appId":"1:375344884329:web:93f1f4f7a162c1b8d910f8","type":"DEFAULT_SITE"}]}
[debug] [2021-12-09T03:44:53.439Z] >>> [apiv2][query] GET https://firebase.googleapis.com/v1beta1/projects/clone-5a4de/webApps/1:375344884329:web:93f1f4f7a162c1b8d910f8/config [none]
[debug] [2021-12-09T03:44:55.952Z] <<< [apiv2][status] GET https://firebase.googleapis.com/v1beta1/projects/clone-5a4de/webApps/1:375344884329:web:93f1f4f7a162c1b8d910f8/config 200
[debug] [2021-12-09T03:44:55.952Z] <<< [apiv2][body] GET https://firebase.googleapis.com/v1beta1/projects/clone-5a4de/webApps/1:375344884329:web:93f1f4f7a162c1b8d910f8/config {"projectId":"clone-5a4de","appId":"1:375344884329:web:93f1f4f7a162c1b8d910f8","storageBucket":"clone-5a4de.appspot.com","locationId":"us-central","apiKey":"AIzaSyA_l3Wm2i-uwdN2G7TeGQ93R0okWQEJ17A","authDomain":"clone-5a4de.firebaseapp.com","messagingSenderId":"375344884329","measurementId":"G-XE8RV5C3BK"}
[info] i  hosting: Serving hosting files from: build {"metadata":{"emulator":{"name":"hosting"},"message":"Serving hosting files from: \u001b[1mbuild\u001b[22m"}}
[info] +  hosting: Local server: http://localhost:5000 {"metadata":{"emulator":{"name":"hosting"},"message":"Local server: \u001b[4m\u001b[1mhttp://localhost:5000\u001b[22m\u001b[24m"}}
[debug] [2021-12-09T03:44:56.097Z] Ignoring unsupported arg: auto_download {"metadata":{"emulator":{"name":"ui"},"message":"Ignoring unsupported arg: auto_download"}}
[debug] [2021-12-09T03:44:56.098Z] Ignoring unsupported arg: port {"metadata":{"emulator":{"name":"ui"},"message":"Ignoring unsupported arg: port"}}
[debug] [2021-12-09T03:44:56.098Z] Starting Emulator UI with command {"binary":"node","args":["C:\\Users\\Lidiya\\.cache\\firebase\\emulators\\ui-v1.6.4\\server.bundle.js"],"optionalArgs":[],"joinArgs":false} {"metadata":{"emulator":{"name":"ui"},"message":"Starting Emulator UI with command {\"binary\":\"node\",\"args\":[\"C:\\\\Users\\\\Lidiya\\\\.cache\\\\firebase\\\\emulators\\\\ui-v1.6.4\\\\server.bundle.js\"],\"optionalArgs\":[],\"joinArgs\":false}"}}
[info] i  ui: Emulator UI logging to ui-debug.log {"metadata":{"emulator":{"name":"ui"},"message":"Emulator UI logging to \u001b[1mui-debug.log\u001b[22m"}}
[debug] [2021-12-09T03:44:56.310Z] Web / API server started at localhost:4000
 {"metadata":{"emulator":{"name":"ui"},"message":"Web / API server started at localhost:4000\n"}}
[info] i  functions: Watching "C:\Fortuna\Evangadi\phase 3\exercise\projects\Amazon\amazon\functions" for Cloud Functions... {"metadata":{"emulator":{"name":"functions"},"message":"Watching \"C:\\Fortuna\\Evangadi\\phase 3\\exercise\\projects\\Amazon\\amazon\\functions\" for Cloud Functions..."}}
[debug] [2021-12-09T03:44:56.452Z] [worker-pool] addWorker(~diagnostic~) {"metadata":{"emulator":{"name":"functions"},"message":"[worker-pool] addWorker(~diagnostic~)"}}
[debug] [2021-12-09T03:44:56.452Z] [worker-pool] Adding worker with key ~diagnostic~, total=1 {"metadata":{"emulator":{"name":"functions"},"message":"[worker-pool] Adding worker with key ~diagnostic~, total=1"}}
[debug] [2021-12-09T03:44:56.452Z] [worker-pool] submitWork(triggerId=) {"metadata":{"emulator":{"name":"functions"},"message":"[worker-pool] submitWork(triggerId=)"}}
[debug] [2021-12-09T03:44:56.453Z] [worker-~diagnostic~-922252e1-5e38-44ce-b276-6cc68a91942a]: Assigning socketPath: \\?\pipe\C:\Fortuna\Evangadi\phase 3\exercise\projects\Amazon\amazon\functions\26800 {"metadata":{"emulator":{"name":"functions"},"message":"[worker-~diagnostic~-922252e1-5e38-44ce-b276-6cc68a91942a]: Assigning socketPath: \\\\?\\pipe\\C:\\Fortuna\\Evangadi\\phase 3\\exercise\\projects\\Amazon\\amazon\\functions\\26800"}}
[debug] [2021-12-09T03:44:56.454Z] [worker-~diagnostic~-922252e1-5e38-44ce-b276-6cc68a91942a]: BUSY {"metadata":{"emulator":{"name":"functions"},"message":"[worker-~diagnostic~-922252e1-5e38-44ce-b276-6cc68a91942a]: BUSY"}}
[debug] [2021-12-09T03:44:56.755Z] [runtime-status] [26800] Functions runtime initialized. {"cwd":"C:\\Fortuna\\Evangadi\\phase 3\\exercise\\projects\\Amazon\\amazon\\functions","node_version":"14.17.6"} {"metadata":{"emulator":{"name":"functions"},"message":"[runtime-status] [26800] Functions runtime initialized. {\"cwd\":\"C:\\\\Fortuna\\\\Evangadi\\\\phase 3\\\\exercise\\\\projects\\\\Amazon\\\\amazon\\\\functions\",\"node_version\":\"14.17.6\"}"}}
[debug] [2021-12-09T03:44:56.758Z] [runtime-status] [26800] Disabled runtime features: undefined {"metadata":{"emulator":{"name":"functions"},"message":"[runtime-status] [26800] Disabled runtime features: undefined"}}
[debug] [2021-12-09T03:44:56.762Z] [runtime-status] [26800] Resolved module firebase-admin {"declared":true,"installed":true,"version":"9.12.0","resolution":"C:\\Fortuna\\Evangadi\\phase 3\\exercise\\projects\\Amazon\\amazon\\functions\\node_modules\\firebase-admin\\lib\\index.js"} {"metadata":{"emulator":{"name":"functions"},"message":"[runtime-status] [26800] Resolved module firebase-admin {\"declared\":true,\"installed\":true,\"version\":\"9.12.0\",\"resolution\":\"C:\\\\Fortuna\\\\Evangadi\\\\phase 3\\\\exercise\\\\projects\\\\Amazon\\\\amazon\\\\functions\\\\node_modules\\\\firebase-admin\\\\lib\\\\index.js\"}"}}
[debug] [2021-12-09T03:44:56.767Z] [runtime-status] [26800] Resolved module firebase-functions {"declared":true,"installed":true,"version":"3.16.0","resolution":"C:\\Fortuna\\Evangadi\\phase 3\\exercise\\projects\\Amazon\\amazon\\functions\\node_modules\\firebase-functions\\lib\\index.js"} {"metadata":{"emulator":{"name":"functions"},"message":"[runtime-status] [26800] Resolved module firebase-functions {\"declared\":true,\"installed\":true,\"version\":\"3.16.0\",\"resolution\":\"C:\\\\Fortuna\\\\Evangadi\\\\phase 3\\\\exercise\\\\projects\\\\Amazon\\\\amazon\\\\functions\\\\node_modules\\\\firebase-functions\\\\lib\\\\index.js\"}"}}
[debug] [2021-12-09T03:44:56.769Z] [runtime-status] [26800] Outgoing network have been stubbed. [{"name":"http","status":"mocked"},{"name":"http","status":"mocked"},{"name":"https","status":"mocked"},{"name":"https","status":"mocked"},{"name":"net","status":"mocked"}] {"metadata":{"emulator":{"name":"functions"},"message":"[runtime-status] [26800] Outgoing network have been stubbed. [{\"name\":\"http\",\"status\":\"mocked\"},{\"name\":\"http\",\"status\":\"mocked\"},{\"name\":\"https\",\"status\":\"mocked\"},{\"name\":\"https\",\"status\":\"mocked\"},{\"name\":\"net\",\"status\":\"mocked\"}]"}}
[debug] [2021-12-09T03:44:56.770Z] [runtime-status] [26800] Resolved module firebase-functions {"declared":true,"installed":true,"version":"3.16.0","resolution":"C:\\Fortuna\\Evangadi\\phase 3\\exercise\\projects\\Amazon\\amazon\\functions\\node_modules\\firebase-functions\\lib\\index.js"} {"metadata":{"emulator":{"name":"functions"},"message":"[runtime-status] [26800] Resolved module firebase-functions {\"declared\":true,\"installed\":true,\"version\":\"3.16.0\",\"resolution\":\"C:\\\\Fortuna\\\\Evangadi\\\\phase 3\\\\exercise\\\\projects\\\\Amazon\\\\amazon\\\\functions\\\\node_modules\\\\firebase-functions\\\\lib\\\\index.js\"}"}}
[debug] [2021-12-09T03:44:56.845Z] [runtime-status] [26800] Checked functions.config() {"config":{}} {"metadata":{"emulator":{"name":"functions"},"message":"[runtime-status] [26800] Checked functions.config() {\"config\":{}}"}}
[debug] [2021-12-09T03:44:56.845Z] [runtime-status] [26800] firebase-functions has been stubbed. {"functionsResolution":{"declared":true,"installed":true,"version":"3.16.0","resolution":"C:\\Fortuna\\Evangadi\\phase 3\\exercise\\projects\\Amazon\\amazon\\functions\\node_modules\\firebase-functions\\lib\\index.js"}} {"metadata":{"emulator":{"name":"functions"},"message":"[runtime-status] [26800] firebase-functions has been stubbed. {\"functionsResolution\":{\"declared\":true,\"installed\":true,\"version\":\"3.16.0\",\"resolution\":\"C:\\\\Fortuna\\\\Evangadi\\\\phase 3\\\\exercise\\\\projects\\\\Amazon\\\\amazon\\\\functions\\\\node_modules\\\\firebase-functions\\\\lib\\\\index.js\"}}"}}
[debug] [2021-12-09T03:44:56.847Z] [runtime-status] [26800] Resolved module firebase-functions {"declared":true,"installed":true,"version":"3.16.0","resolution":"C:\\Fortuna\\Evangadi\\phase 3\\exercise\\projects\\Amazon\\amazon\\functions\\node_modules\\firebase-functions\\lib\\index.js"} {"metadata":{"emulator":{"name":"functions"},"message":"[runtime-status] [26800] Resolved module firebase-functions {\"declared\":true,\"installed\":true,\"version\":\"3.16.0\",\"resolution\":\"C:\\\\Fortuna\\\\Evangadi\\\\phase 3\\\\exercise\\\\projects\\\\Amazon\\\\amazon\\\\functions\\\\node_modules\\\\firebase-functions\\\\lib\\\\index.js\"}"}}
[debug] [2021-12-09T03:44:56.849Z] [runtime-status] [26800] Resolved module firebase-admin {"declared":true,"installed":true,"version":"9.12.0","resolution":"C:\\Fortuna\\Evangadi\\phase 3\\exercise\\projects\\Amazon\\amazon\\functions\\node_modules\\firebase-admin\\lib\\index.js"} {"metadata":{"emulator":{"name":"functions"},"message":"[runtime-status] [26800] Resolved module firebase-admin {\"declared\":true,\"installed\":true,\"version\":\"9.12.0\",\"resolution\":\"C:\\\\Fortuna\\\\Evangadi\\\\phase 3\\\\exercise\\\\projects\\\\Amazon\\\\amazon\\\\functions\\\\node_modules\\\\firebase-admin\\\\lib\\\\index.js\"}"}}
[debug] [2021-12-09T03:44:56.850Z] [runtime-status] [26800] Resolved module firebase-functions {"declared":true,"installed":true,"version":"3.16.0","resolution":"C:\\Fortuna\\Evangadi\\phase 3\\exercise\\projects\\Amazon\\amazon\\functions\\node_modules\\firebase-functions\\lib\\index.js"} {"metadata":{"emulator":{"name":"functions"},"message":"[runtime-status] [26800] Resolved module firebase-functions {\"declared\":true,\"installed\":true,\"version\":\"3.16.0\",\"resolution\":\"C:\\\\Fortuna\\\\Evangadi\\\\phase 3\\\\exercise\\\\projects\\\\Amazon\\\\amazon\\\\functions\\\\node_modules\\\\firebase-functions\\\\lib\\\\index.js\"}"}}
[debug] [2021-12-09T03:44:56.851Z] [runtime-status] [26800] firebase-admin has been stubbed. {"adminResolution":{"declared":true,"installed":true,"version":"9.12.0","resolution":"C:\\Fortuna\\Evangadi\\phase 3\\exercise\\projects\\Amazon\\amazon\\functions\\node_modules\\firebase-admin\\lib\\index.js"}} {"metadata":{"emulator":{"name":"functions"},"message":"[runtime-status] [26800] firebase-admin has been stubbed. {\"adminResolution\":{\"declared\":true,\"installed\":true,\"version\":\"9.12.0\",\"resolution\":\"C:\\\\Fortuna\\\\Evangadi\\\\phase 3\\\\exercise\\\\projects\\\\Amazon\\\\amazon\\\\functions\\\\node_modules\\\\firebase-admin\\\\lib\\\\index.js\"}}"}}
[info] +  functions[us-central1-api]: http function initialized (http://localhost:5001/clone-5a4de/us-central1/api). {"metadata":{"emulator":{"name":"functions"},"message":"\u001b[1mhttp\u001b[22m function initialized (http://localhost:5001/clone-5a4de/us-central1/api)."}}
[info] 
┌─────────────────────────────────────────────────────────────┐
│ ✔  All emulators ready! It is now safe to connect your app. │
│ i  View Emulator UI at http://localhost:4000                │
└─────────────────────────────────────────────────────────────┘

┌───────────┬────────────────┬─────────────────────────────────┐
│ Emulator  │ Host:Port      │ View in Emulator UI             │
├───────────┼────────────────┼─────────────────────────────────┤
│ Functions │ localhost:5001 │ http://localhost:4000/functions │
├───────────┼────────────────┼─────────────────────────────────┤
│ Hosting   │ localhost:5000 │ n/a                             │
└───────────┴────────────────┴─────────────────────────────────┘
  Emulator Hub running at localhost:4400
  Other reserved ports: 4500

Issues? Report them at https://github.com/firebase/firebase-tools/issues and attach the *-debug.log files.
 
[debug] [2021-12-09T03:44:57.165Z] [worker-~diagnostic~-922252e1-5e38-44ce-b276-6cc68a91942a]: IDLE {"metadata":{"emulator":{"name":"functions"},"message":"[worker-~diagnostic~-922252e1-5e38-44ce-b276-6cc68a91942a]: IDLE"}}
[debug] [2021-12-09T03:46:08.336Z] [work-queue] {"queueLength":1,"workRunningCount":0}
[debug] [2021-12-09T03:46:08.336Z] [work-queue] {"queueLength":0,"workRunningCount":1}
[debug] [2021-12-09T03:46:08.337Z] Accepted request POST /clone-5a4de/us-central1/api/payments/create?total=199949 --> us-central1-api
[debug] [2021-12-09T03:46:08.349Z] [worker-pool] addWorker(us-central1-api) {"metadata":{"emulator":{"name":"functions"},"message":"[worker-pool] addWorker(us-central1-api)"}}
[debug] [2021-12-09T03:46:08.349Z] [worker-pool] Adding worker with key us-central1-api, total=1 {"metadata":{"emulator":{"name":"functions"},"message":"[worker-pool] Adding worker with key us-central1-api, total=1"}}
[debug] [2021-12-09T03:46:08.350Z] [worker-pool] submitWork(triggerId=us-central1-api) {"metadata":{"emulator":{"name":"functions"},"message":"[worker-pool] submitWork(triggerId=us-central1-api)"}}
[debug] [2021-12-09T03:46:08.350Z] [worker-us-central1-api-246f0824-f413-42a5-a5a9-d2fedd57c10e]: Assigning socketPath: \\?\pipe\C:\Fortuna\Evangadi\phase 3\exercise\projects\Amazon\amazon\functions\7636 {"metadata":{"emulator":{"name":"functions"},"message":"[worker-us-central1-api-246f0824-f413-42a5-a5a9-d2fedd57c10e]: Assigning socketPath: \\\\?\\pipe\\C:\\Fortuna\\Evangadi\\phase 3\\exercise\\projects\\Amazon\\amazon\\functions\\7636"}}
[debug] [2021-12-09T03:46:08.350Z] [worker-us-central1-api-246f0824-f413-42a5-a5a9-d2fedd57c10e]: BUSY {"metadata":{"emulator":{"name":"functions"},"message":"[worker-us-central1-api-246f0824-f413-42a5-a5a9-d2fedd57c10e]: BUSY"}}
[debug] [2021-12-09T03:46:08.668Z] [runtime-status] [7636] Functions runtime initialized. {"cwd":"C:\\Fortuna\\Evangadi\\phase 3\\exercise\\projects\\Amazon\\amazon\\functions","node_version":"14.17.6"} {"metadata":{"emulator":{"name":"functions"},"function":{"name":"us-central1-api"},"message":"[runtime-status] [7636] Functions runtime initialized. {\"cwd\":\"C:\\\\Fortuna\\\\Evangadi\\\\phase 3\\\\exercise\\\\projects\\\\Amazon\\\\amazon\\\\functions\",\"node_version\":\"14.17.6\"}"}}
[debug] [2021-12-09T03:46:08.673Z] [runtime-status] [7636] Disabled runtime features: undefined {"metadata":{"emulator":{"name":"functions"},"function":{"name":"us-central1-api"},"message":"[runtime-status] [7636] Disabled runtime features: undefined"}}
[debug] [2021-12-09T03:46:08.683Z] [runtime-status] [7636] Resolved module firebase-admin {"declared":true,"installed":true,"version":"9.12.0","resolution":"C:\\Fortuna\\Evangadi\\phase 3\\exercise\\projects\\Amazon\\amazon\\functions\\node_modules\\firebase-admin\\lib\\index.js"} {"metadata":{"emulator":{"name":"functions"},"function":{"name":"us-central1-api"},"message":"[runtime-status] [7636] Resolved module firebase-admin {\"declared\":true,\"installed\":true,\"version\":\"9.12.0\",\"resolution\":\"C:\\\\Fortuna\\\\Evangadi\\\\phase 3\\\\exercise\\\\projects\\\\Amazon\\\\amazon\\\\functions\\\\node_modules\\\\firebase-admin\\\\lib\\\\index.js\"}"}}
[debug] [2021-12-09T03:46:08.688Z] [runtime-status] [7636] Resolved module firebase-functions {"declared":true,"installed":true,"version":"3.16.0","resolution":"C:\\Fortuna\\Evangadi\\phase 3\\exercise\\projects\\Amazon\\amazon\\functions\\node_modules\\firebase-functions\\lib\\index.js"} {"metadata":{"emulator":{"name":"functions"},"function":{"name":"us-central1-api"},"message":"[runtime-status] [7636] Resolved module firebase-functions {\"declared\":true,\"installed\":true,\"version\":\"3.16.0\",\"resolution\":\"C:\\\\Fortuna\\\\Evangadi\\\\phase 3\\\\exercise\\\\projects\\\\Amazon\\\\amazon\\\\functions\\\\node_modules\\\\firebase-functions\\\\lib\\\\index.js\"}"}}
[debug] [2021-12-09T03:46:08.694Z] [runtime-status] [7636] Outgoing network have been stubbed. [{"name":"http","status":"mocked"},{"name":"http","status":"mocked"},{"name":"https","status":"mocked"},{"name":"https","status":"mocked"},{"name":"net","status":"mocked"}] {"metadata":{"emulator":{"name":"functions"},"function":{"name":"us-central1-api"},"message":"[runtime-status] [7636] Outgoing network have been stubbed. [{\"name\":\"http\",\"status\":\"mocked\"},{\"name\":\"http\",\"status\":\"mocked\"},{\"name\":\"https\",\"status\":\"mocked\"},{\"name\":\"https\",\"status\":\"mocked\"},{\"name\":\"net\",\"status\":\"mocked\"}]"}}
[debug] [2021-12-09T03:46:08.696Z] [runtime-status] [7636] Resolved module firebase-functions {"declared":true,"installed":true,"version":"3.16.0","resolution":"C:\\Fortuna\\Evangadi\\phase 3\\exercise\\projects\\Amazon\\amazon\\functions\\node_modules\\firebase-functions\\lib\\index.js"} {"metadata":{"emulator":{"name":"functions"},"function":{"name":"us-central1-api"},"message":"[runtime-status] [7636] Resolved module firebase-functions {\"declared\":true,\"installed\":true,\"version\":\"3.16.0\",\"resolution\":\"C:\\\\Fortuna\\\\Evangadi\\\\phase 3\\\\exercise\\\\projects\\\\Amazon\\\\amazon\\\\functions\\\\node_modules\\\\firebase-functions\\\\lib\\\\index.js\"}"}}
[debug] [2021-12-09T03:46:08.774Z] [runtime-status] [7636] Checked functions.config() {"config":{}} {"metadata":{"emulator":{"name":"functions"},"function":{"name":"us-central1-api"},"message":"[runtime-status] [7636] Checked functions.config() {\"config\":{}}"}}
[debug] [2021-12-09T03:46:08.775Z] [runtime-status] [7636] firebase-functions has been stubbed. {"functionsResolution":{"declared":true,"installed":true,"version":"3.16.0","resolution":"C:\\Fortuna\\Evangadi\\phase 3\\exercise\\projects\\Amazon\\amazon\\functions\\node_modules\\firebase-functions\\lib\\index.js"}} {"metadata":{"emulator":{"name":"functions"},"function":{"name":"us-central1-api"},"message":"[runtime-status] [7636] firebase-functions has been stubbed. {\"functionsResolution\":{\"declared\":true,\"installed\":true,\"version\":\"3.16.0\",\"resolution\":\"C:\\\\Fortuna\\\\Evangadi\\\\phase 3\\\\exercise\\\\projects\\\\Amazon\\\\amazon\\\\functions\\\\node_modules\\\\firebase-functions\\\\lib\\\\index.js\"}}"}}
[debug] [2021-12-09T03:46:08.777Z] [runtime-status] [7636] Resolved module firebase-functions {"declared":true,"installed":true,"version":"3.16.0","resolution":"C:\\Fortuna\\Evangadi\\phase 3\\exercise\\projects\\Amazon\\amazon\\functions\\node_modules\\firebase-functions\\lib\\index.js"} {"metadata":{"emulator":{"name":"functions"},"function":{"name":"us-central1-api"},"message":"[runtime-status] [7636] Resolved module firebase-functions {\"declared\":true,\"installed\":true,\"version\":\"3.16.0\",\"resolution\":\"C:\\\\Fortuna\\\\Evangadi\\\\phase 3\\\\exercise\\\\projects\\\\Amazon\\\\amazon\\\\functions\\\\node_modules\\\\firebase-functions\\\\lib\\\\index.js\"}"}}
[debug] [2021-12-09T03:46:08.780Z] [runtime-status] [7636] Resolved module firebase-admin {"declared":true,"installed":true,"version":"9.12.0","resolution":"C:\\Fortuna\\Evangadi\\phase 3\\exercise\\projects\\Amazon\\amazon\\functions\\node_modules\\firebase-admin\\lib\\index.js"} {"metadata":{"emulator":{"name":"functions"},"function":{"name":"us-central1-api"},"message":"[runtime-status] [7636] Resolved module firebase-admin {\"declared\":true,\"installed\":true,\"version\":\"9.12.0\",\"resolution\":\"C:\\\\Fortuna\\\\Evangadi\\\\phase 3\\\\exercise\\\\projects\\\\Amazon\\\\amazon\\\\functions\\\\node_modules\\\\firebase-admin\\\\lib\\\\index.js\"}"}}
[debug] [2021-12-09T03:46:08.781Z] [runtime-status] [7636] Resolved module firebase-functions {"declared":true,"installed":true,"version":"3.16.0","resolution":"C:\\Fortuna\\Evangadi\\phase 3\\exercise\\projects\\Amazon\\amazon\\functions\\node_modules\\firebase-functions\\lib\\index.js"} {"metadata":{"emulator":{"name":"functions"},"function":{"name":"us-central1-api"},"message":"[runtime-status] [7636] Resolved module firebase-functions {\"declared\":true,\"installed\":true,\"version\":\"3.16.0\",\"resolution\":\"C:\\\\Fortuna\\\\Evangadi\\\\phase 3\\\\exercise\\\\projects\\\\Amazon\\\\amazon\\\\functions\\\\node_modules\\\\firebase-functions\\\\lib\\\\index.js\"}"}}
[debug] [2021-12-09T03:46:08.781Z] [runtime-status] [7636] firebase-admin has been stubbed. {"adminResolution":{"declared":true,"installed":true,"version":"9.12.0","resolution":"C:\\Fortuna\\Evangadi\\phase 3\\exercise\\projects\\Amazon\\amazon\\functions\\node_modules\\firebase-admin\\lib\\index.js"}} {"metadata":{"emulator":{"name":"functions"},"function":{"name":"us-central1-api"},"message":"[runtime-status] [7636] firebase-admin has been stubbed. {\"adminResolution\":{\"declared\":true,\"installed\":true,\"version\":\"9.12.0\",\"resolution\":\"C:\\\\Fortuna\\\\Evangadi\\\\phase 3\\\\exercise\\\\projects\\\\Amazon\\\\amazon\\\\functions\\\\node_modules\\\\firebase-admin\\\\lib\\\\index.js\"}}"}}
[debug] [2021-12-09T03:46:09.148Z] [runtime-status] [7636] Trigger "us-central1-api" has been found, beginning invocation! {"metadata":{"emulator":{"name":"functions"},"function":{"name":"us-central1-api"},"message":"[runtime-status] [7636] Trigger \"us-central1-api\" has been found, beginning invocation!"}}
[info] i  functions: Beginning execution of "us-central1-api" {"metadata":{"emulator":{"name":"functions"},"function":{"name":"us-central1-api"},"message":"Beginning execution of \"us-central1-api\""}}
[debug] [2021-12-09T03:46:09.150Z] [runtime-status] [7636] triggerDefinition {"httpsTrigger":{},"name":"api","entryPoint":"api","regions":["us-central1"],"region":"us-central1","id":"us-central1-api"} {"metadata":{"emulator":{"name":"functions"},"function":{"name":"us-central1-api"},"message":"[runtime-status] [7636] triggerDefinition {\"httpsTrigger\":{},\"name\":\"api\",\"entryPoint\":\"api\",\"regions\":[\"us-central1\"],\"region\":\"us-central1\",\"id\":\"us-central1-api\"}"}}
[debug] [2021-12-09T03:46:09.150Z] [runtime-status] [7636] Running us-central1-api in signature http {"metadata":{"emulator":{"name":"functions"},"function":{"name":"us-central1-api"},"message":"[runtime-status] [7636] Running us-central1-api in signature http"}}
[debug] [2021-12-09T03:46:09.155Z] [runtime-status] [7636] Attempting to listen to socketPath: \\?\pipe\C:\Fortuna\Evangadi\phase 3\exercise\projects\Amazon\amazon\functions\7636 {"metadata":{"emulator":{"name":"functions"},"function":{"name":"us-central1-api"},"message":"[runtime-status] [7636] Attempting to listen to socketPath: \\\\?\\pipe\\C:\\Fortuna\\Evangadi\\phase 3\\exercise\\projects\\Amazon\\amazon\\functions\\7636"}}
[debug] [2021-12-09T03:46:09.160Z] [functions] Runtime ready! Sending request! {"metadata":{"emulator":{"name":"functions"},"message":"[functions] Runtime ready! Sending request!"}}
[debug] [2021-12-09T03:46:09.161Z] [functions] Got req.url=/clone-5a4de/us-central1/api/payments/create?total=199949, mapping to path=/payments/create?total=199949 {"metadata":{"emulator":{"name":"functions"},"message":"[functions] Got req.url=/clone-5a4de/us-central1/api/payments/create?total=199949, mapping to path=/payments/create?total=199949"}}
[debug] [2021-12-09T03:46:09.172Z] [runtime-status] [7636] Ephemeral server handling POST request {"metadata":{"emulator":{"name":"functions"},"function":{"name":"us-central1-api"},"message":"[runtime-status] [7636] Ephemeral server handling POST request"}}
[info] >  Payment Request Recieved for this amount >>>  199949 {"user":"Payment Request Recieved for this amount >>>  199949","metadata":{"emulator":{"name":"functions"},"function":{"name":"us-central1-api"},"message":"\u001b[90m> \u001b[39m Payment Request Recieved for this amount >>>  199949"}}
[debug] [2021-12-09T03:46:09.239Z] [runtime-status] [7636] Ephemeral server survived. {"metadata":{"emulator":{"name":"functions"},"function":{"name":"us-central1-api"},"message":"[runtime-status] [7636] Ephemeral server survived."}}
[info] i  functions: Finished "us-central1-api" in ~4s {"metadata":{"emulator":{"name":"functions"},"function":{"name":"us-central1-api"},"message":"Finished \"us-central1-api\" in ~4s"}}
[debug] [2021-12-09T03:46:14.025Z] [worker-us-central1-api-246f0824-f413-42a5-a5a9-d2fedd57c10e]: IDLE {"metadata":{"emulator":{"name":"functions"},"message":"[worker-us-central1-api-246f0824-f413-42a5-a5a9-d2fedd57c10e]: IDLE"}}
[debug] [2021-12-09T03:46:14.026Z] [work-queue] {"queueLength":0,"workRunningCount":0}
